\BOOKMARK [0][-]{chapter*.2}{List of Tables}{}% 1
\BOOKMARK [0][-]{chapter*.3}{List of Figures}{}% 2
\BOOKMARK [0][-]{chapter*.5}{Nomenclature}{}% 3
\BOOKMARK [0][-]{section*.6}{Acronyms}{}% 4
\BOOKMARK [0][-]{section*.8}{Glossary}{}% 5
\BOOKMARK [0][-]{chapter.1}{Introduction}{}% 6
\BOOKMARK [1][-]{section.1.1}{Motivation}{chapter.1}% 7
\BOOKMARK [1][-]{section.1.2}{Problem definition}{chapter.1}% 8
\BOOKMARK [1][-]{section.1.3}{Objectives}{chapter.1}% 9
\BOOKMARK [1][-]{section.1.4}{Outline}{chapter.1}% 10
\BOOKMARK [0][-]{chapter.2}{Background and State of the Art}{}% 11
\BOOKMARK [1][-]{section.2.1}{Camera Model}{chapter.2}% 12
\BOOKMARK [1][-]{section.2.2}{Feature detection and matching}{chapter.2}% 13
\BOOKMARK [2][-]{subsection.2.2.1}{Matching step}{section.2.2}% 14
\BOOKMARK [1][-]{section.2.3}{Orthogonal Procrustes Problem and Lack of Depth}{chapter.2}% 15
\BOOKMARK [2][-]{subsection.2.3.1}{Translation}{section.2.3}% 16
\BOOKMARK [1][-]{section.2.4}{Epipolar Geometry}{chapter.2}% 17
\BOOKMARK [2][-]{subsection.2.4.1}{Projective geometry concepts}{section.2.4}% 18
\BOOKMARK [3][-]{section*.10}{Homogenous representation of lines}{subsection.2.4.1}% 19
\BOOKMARK [3][-]{section*.11}{Point lying on a line}{subsection.2.4.1}% 20
\BOOKMARK [3][-]{section*.12}{Line joining points}{subsection.2.4.1}% 21
\BOOKMARK [3][-]{section*.13}{Cross product's skew symmetric representation}{subsection.2.4.1}% 22
\BOOKMARK [2][-]{subsection.2.4.2}{Deducing the fundamental matrix}{section.2.4}% 23
\BOOKMARK [2][-]{subsection.2.4.3}{Relationship between the fundamental matrix and camera motion}{section.2.4}% 24
\BOOKMARK [2][-]{subsection.2.4.4}{Estimating the fundamental matrix}{section.2.4}% 25
\BOOKMARK [2][-]{subsection.2.4.5}{Factorization of the essential matrix}{section.2.4}% 26
\BOOKMARK [1][-]{section.2.5}{Robust Estimation and Rejection of Image Sections}{chapter.2}% 27
\BOOKMARK [1][-]{section.2.6}{Representation of eye orientations in 3 dimensions}{chapter.2}% 28
\BOOKMARK [2][-]{subsection.2.6.1}{Rotation axis and angle}{section.2.6}% 29
\BOOKMARK [2][-]{subsection.2.6.2}{Rotation vector in head-fixed coordinates}{section.2.6}% 30
\BOOKMARK [2][-]{subsection.2.6.3}{Quaternions}{section.2.6}% 31
\BOOKMARK [2][-]{subsection.2.6.4}{Coordinate system}{section.2.6}% 32
\BOOKMARK [2][-]{subsection.2.6.5}{Donders' and Listing's laws}{section.2.6}% 33
\BOOKMARK [0][-]{chapter.3}{Methodology}{}% 34
\BOOKMARK [0][-]{chapter.4}{Results}{}% 35
\BOOKMARK [0][-]{chapter.5}{Conclusion}{}% 36
\BOOKMARK [1][-]{section.5.1}{Contributions}{chapter.5}% 37
\BOOKMARK [1][-]{section.5.2}{Future Work}{chapter.5}% 38
\BOOKMARK [0][-]{section.5.2}{Bibliography}{}% 39
\BOOKMARK [0][-]{appendix.A}{Background and State of the Art}{}% 40
\BOOKMARK [1][-]{section.A.1}{Feature Detectors}{appendix.A}% 41
\BOOKMARK [2][-]{subsection.A.1.1}{sift}{section.A.1}% 42
\BOOKMARK [2][-]{subsection.A.1.2}{surf}{section.A.1}% 43
